<?xml version="1.0" encoding="UTF-8"?>
<!-- Generated by org.testng.reporters.JUnitReportReporter -->
<testsuite hostname="DESKTOP-RRLU1DQ" failures="0" tests="1" name="Test_cases.TestCase_Signup" time="24.164" errors="0" timestamp="2022-10-19T22:04:43 IST" skipped="0">
  <testcase classname="Test_cases.TestCase_Signup" name="signupflow" time="24.164"/>
  <system-out/>
</testsuite> <!-- Test_cases.TestCase_Signup -->
