<?xml version="1.0" encoding="UTF-8"?>
<!-- Generated by org.testng.reporters.JUnitReportReporter -->
<testsuite hostname="DESKTOP-RRLU1DQ" failures="0" tests="1" name="Test_cases.Test_forgotPassword" time="9.010" errors="0" timestamp="2022-11-12T15:39:57 IST" skipped="0">
  <testcase classname="Test_cases.Test_forgotPassword" name="TestCaseforgotpasswordclcik" time="9.010"/>
  <system-out/>
</testsuite> <!-- Test_cases.Test_forgotPassword -->
