<?xml version="1.0" encoding="UTF-8"?>
<!-- Generated by org.testng.reporters.JUnitReportReporter -->
<testsuite hostname="DESKTOP-RRLU1DQ" failures="0" tests="1" name="Test_cases.Test_forgotPassword" time="8.482" errors="0" timestamp="2022-10-18T22:43:55 IST" skipped="0">
  <testcase classname="Test_cases.Test_forgotPassword" name="TestCaseforgotpasswordclcik" time="8.482"/>
  <system-out/>
</testsuite> <!-- Test_cases.Test_forgotPassword -->
