<?xml version="1.0" encoding="UTF-8"?>
<!-- Generated by org.testng.reporters.JUnitReportReporter -->
<testsuite hostname="DESKTOP-RRLU1DQ" failures="0" tests="1" name="Test_cases.TestCase_Login_LacNo" time="5.897" errors="0" timestamp="2022-11-12T15:39:57 IST" skipped="0">
  <testcase classname="Test_cases.TestCase_Login_LacNo" name="Login_LAC" time="5.897"/>
  <system-out/>
</testsuite> <!-- Test_cases.TestCase_Login_LacNo -->
