<?xml version="1.0" encoding="UTF-8"?>
<!-- Generated by org.testng.reporters.JUnitReportReporter -->
<testsuite hostname="DESKTOP-RRLU1DQ" failures="0" tests="2" name="Test_cases.TestCases" time="10.396" errors="0" timestamp="2022-11-12T15:39:57 IST" skipped="0">
  <testcase classname="Test_cases.TestCases" name="Testcase1" time="0.002"/>
  <system-out/>
  <testcase classname="Test_cases.TestCases" name="TestCase2" time="10.394"/>
  <system-out/>
</testsuite> <!-- Test_cases.TestCases -->
