<?xml version="1.0" encoding="UTF-8"?>
<!-- Generated by org.testng.reporters.JUnitReportReporter -->
<testsuite hostname="DESKTOP-RRLU1DQ" failures="0" tests="1" name="Test_cases.TestCase1" time="12.908" errors="0" timestamp="2022-10-15T16:56:41 IST" skipped="0">
  <testcase classname="Test_cases.TestCase1" name="loginuser" time="12.908"/>
  <system-out/>
</testsuite> <!-- Test_cases.TestCase1 -->
